2024-12-10 17:02:44.757 [background-preinit] INFO  org.hibernate.validator.internal.util.Version - HV000001: Hibernate Validator 8.0.1.Final
2024-12-10 17:02:44.782 [main] INFO  cn.edu.xmu.javaee.order.OrderApplication - Starting OrderApplication using Java 17.0.13 with PID 28756 (D:\JAVA\10.SpringData_Mongo1\10.SpringData_Mongo\order\target\classes started by 刘智文 in D:\JAVA\10.SpringData_Mongo1)
2024-12-10 17:02:44.782 [main] DEBUG cn.edu.xmu.javaee.order.OrderApplication - Running with Spring Boot v3.3.4, Spring v6.1.13
2024-12-10 17:02:44.783 [main] INFO  cn.edu.xmu.javaee.order.OrderApplication - No active profile set, falling back to 1 default profile: "default"
2024-12-10 17:02:45.331 [main] INFO  o.s.d.r.config.RepositoryConfigurationDelegate - Bootstrapping Spring Data MongoDB repositories in DEFAULT mode.
2024-12-10 17:02:45.383 [main] INFO  o.s.d.r.config.RepositoryConfigurationDelegate - Finished Spring Data repository scanning in 47 ms. Found 1 MongoDB repository interface.
2024-12-10 17:02:45.936 [main] INFO  o.s.boot.web.embedded.tomcat.TomcatWebServer - Tomcat initialized with port 8080 (http)
2024-12-10 17:02:45.938 [main] INFO  org.apache.catalina.core.AprLifecycleListener - An older version [1.3.0] of the Apache Tomcat Native library is installed, while Tomcat recommends a minimum version of [2.0.5]
2024-12-10 17:02:45.938 [main] INFO  org.apache.catalina.core.AprLifecycleListener - Loaded Apache Tomcat Native library [1.3.0] using APR version [1.7.4].
2024-12-10 17:02:45.955 [main] INFO  org.apache.catalina.core.AprLifecycleListener - OpenSSL successfully initialized [OpenSSL 3.0.13 30 Jan 2024]
2024-12-10 17:02:45.959 [main] INFO  org.apache.coyote.http11.Http11NioProtocol - Initializing ProtocolHandler ["http-nio-8080"]
2024-12-10 17:02:45.963 [main] INFO  org.apache.catalina.core.StandardService - Starting service [Tomcat]
2024-12-10 17:02:45.964 [main] INFO  org.apache.catalina.core.StandardEngine - Starting Servlet engine: [Apache Tomcat/10.1.30]
2024-12-10 17:02:46.009 [main] INFO  o.a.c.core.ContainerBase.[Tomcat].[localhost].[/] - Initializing Spring embedded WebApplicationContext
2024-12-10 17:02:46.010 [main] INFO  o.s.b.w.s.c.ServletWebServerApplicationContext - Root WebApplicationContext: initialization completed in 1204 ms
2024-12-10 17:02:46.218 [main] INFO  org.mongodb.driver.cluster - Adding discovered server mongo1:27017 to client view of cluster
2024-12-10 17:02:46.247 [main] INFO  org.mongodb.driver.cluster - Adding discovered server mongo2:27018 to client view of cluster
2024-12-10 17:02:46.251 [main] INFO  org.mongodb.driver.cluster - Adding discovered server mongo3:27019 to client view of cluster
2024-12-10 17:02:46.268 [main] INFO  org.mongodb.driver.client - MongoClient with metadata {"driver": {"name": "mongo-java-driver|sync", "version": "5.0.1"}, "os": {"type": "Windows", "name": "Windows 11", "architecture": "amd64", "version": "10.0"}, "platform": "Java/Amazon.com Inc./17.0.13+11-LTS"} created with settings MongoClientSettings{readPreference=ReadPreference{name=nearest, hedgeOptions=null}, writeConcern=WriteConcern{w=null, wTimeout=null ms, journal=null}, retryWrites=true, retryReads=true, readConcern=ReadConcern{level=null}, credential=MongoCredential{mechanism=null, userName='demouser', source='oomall', password=<hidden>, mechanismProperties=<hidden>}, transportSettings=null, commandListeners=[cn.edu.xmu.javaee.order.config.MongoCommandLogger@563172d3], codecRegistry=ProvidersCodecRegistry{codecProviders=[ValueCodecProvider{}, BsonValueCodecProvider{}, DBRefCodecProvider{}, DBObjectCodecProvider{}, DocumentCodecProvider{}, CollectionCodecProvider{}, IterableCodecProvider{}, MapCodecProvider{}, GeoJsonCodecProvider{}, GridFSFileCodecProvider{}, Jsr310CodecProvider{}, JsonObjectCodecProvider{}, BsonCodecProvider{}, EnumCodecProvider{}, com.mongodb.client.model.mql.ExpressionCodecProvider@5086623f, com.mongodb.Jep395RecordCodecProvider@20027c44, com.mongodb.KotlinCodecProvider@7eae55]}, loggerSettings=LoggerSettings{maxDocumentLength=1000}, clusterSettings={hosts=[mongo1:27017, mongo2:27018, mongo3:27019], srvServiceName=mongodb, mode=MULTIPLE, requiredClusterType=REPLICA_SET, requiredReplicaSetName='rs0', serverSelector='null', clusterListeners='[]', serverSelectionTimeout='30000 ms', localThreshold='15 ms'}, socketSettings=SocketSettings{connectTimeoutMS=10000, readTimeoutMS=0, receiveBufferSize=0, proxySettings=ProxySettings{host=null, port=null, username=null, password=null}}, heartbeatSocketSettings=SocketSettings{connectTimeoutMS=10000, readTimeoutMS=10000, receiveBufferSize=0, proxySettings=ProxySettings{host=null, port=null, username=null, password=null}}, connectionPoolSettings=ConnectionPoolSettings{maxSize=100, minSize=0, maxWaitTimeMS=120000, maxConnectionLifeTimeMS=0, maxConnectionIdleTimeMS=0, maintenanceInitialDelayMS=0, maintenanceFrequencyMS=60000, connectionPoolListeners=[], maxConnecting=2}, serverSettings=ServerSettings{heartbeatFrequencyMS=10000, minHeartbeatFrequencyMS=500, serverListeners='[]', serverMonitorListeners='[]'}, sslSettings=SslSettings{enabled=false, invalidHostNameAllowed=false, context=null}, applicationName='null', compressorList=[], uuidRepresentation=UNSPECIFIED, serverApi=null, autoEncryptionSettings=null, dnsClient=null, inetAddressResolver=null, contextProvider=null}
2024-12-10 17:02:46.393 [cluster-ClusterId{value='675803b61cb2b231b8b38aad', description='null'}-mongo3:27019] INFO  org.mongodb.driver.cluster - Monitor thread successfully connected to server with description ServerDescription{address=mongo3:27019, type=REPLICA_SET_SECONDARY, state=CONNECTED, ok=true, minWireVersion=0, maxWireVersion=25, maxDocumentSize=16777216, logicalSessionTimeoutMinutes=30, roundTripTimeNanos=68803699, setName='rs0', canonicalAddress=mongo3:27017, hosts=[mongo1:27017], passives=[mongo3:27017, mongo2:27017], arbiters=[], primary='mongo1:27017', tagSet=TagSet{[]}, electionId=null, setVersion=1, topologyVersion=TopologyVersion{processId=675056d943c010b9fd90950d, counter=4}, lastWriteDate=Tue Dec 10 17:02:36 CST 2024, lastUpdateTimeNanos=546577423678100}
2024-12-10 17:02:46.393 [cluster-ClusterId{value='675803b61cb2b231b8b38aad', description='null'}-mongo2:27018] INFO  org.mongodb.driver.cluster - Monitor thread successfully connected to server with description ServerDescription{address=mongo2:27018, type=REPLICA_SET_SECONDARY, state=CONNECTED, ok=true, minWireVersion=0, maxWireVersion=25, maxDocumentSize=16777216, logicalSessionTimeoutMinutes=30, roundTripTimeNanos=74577799, setName='rs0', canonicalAddress=mongo2:27017, hosts=[mongo1:27017], passives=[mongo3:27017, mongo2:27017], arbiters=[], primary='mongo1:27017', tagSet=TagSet{[]}, electionId=null, setVersion=1, topologyVersion=TopologyVersion{processId=6750545c308f56f0811a7e7c, counter=4}, lastWriteDate=Tue Dec 10 17:02:36 CST 2024, lastUpdateTimeNanos=546577423678100}
2024-12-10 17:02:46.393 [cluster-ClusterId{value='675803b61cb2b231b8b38aad', description='null'}-mongo1:27017] INFO  org.mongodb.driver.cluster - Monitor thread successfully connected to server with description ServerDescription{address=mongo1:27017, type=REPLICA_SET_PRIMARY, state=CONNECTED, ok=true, minWireVersion=0, maxWireVersion=25, maxDocumentSize=16777216, logicalSessionTimeoutMinutes=30, roundTripTimeNanos=68795999, setName='rs0', canonicalAddress=mongo1:27017, hosts=[mongo1:27017], passives=[mongo3:27017, mongo2:27017], arbiters=[], primary='mongo1:27017', tagSet=TagSet{[]}, electionId=7fffffff00000000000000f7, setVersion=1, topologyVersion=TopologyVersion{processId=6750545c33ed055bb0fd0f23, counter=6}, lastWriteDate=Tue Dec 10 17:02:36 CST 2024, lastUpdateTimeNanos=546577423678100}
2024-12-10 17:02:46.395 [cluster-ClusterId{value='675803b61cb2b231b8b38aad', description='null'}-mongo3:27019] INFO  org.mongodb.driver.cluster - Adding discovered server mongo3:27017 to client view of cluster
2024-12-10 17:02:46.397 [cluster-ClusterId{value='675803b61cb2b231b8b38aad', description='null'}-mongo3:27019] INFO  org.mongodb.driver.cluster - Adding discovered server mongo2:27017 to client view of cluster
2024-12-10 17:02:46.397 [cluster-ClusterId{value='675803b61cb2b231b8b38aad', description='null'}-mongo3:27019] INFO  org.mongodb.driver.cluster - Canonical address mongo3:27017 does not match server address.  Removing mongo3:27019 from client view of cluster
2024-12-10 17:02:46.399 [cluster-ClusterId{value='675803b61cb2b231b8b38aad', description='null'}-mongo2:27018] INFO  org.mongodb.driver.cluster - Canonical address mongo2:27017 does not match server address.  Removing mongo2:27018 from client view of cluster
2024-12-10 17:02:46.399 [cluster-ClusterId{value='675803b61cb2b231b8b38aad', description='null'}-mongo1:27017] INFO  org.mongodb.driver.cluster - Discovered replica set primary mongo1:27017 with max election id 7fffffff00000000000000f7 and max set version 1
2024-12-10 17:02:46.504 [cluster-ClusterId{value='675803b61cb2b231b8b38aad', description='null'}-mongo2:27017] INFO  org.mongodb.driver.cluster - Monitor thread successfully connected to server with description ServerDescription{address=mongo2:27017, type=REPLICA_SET_PRIMARY, state=CONNECTED, ok=true, minWireVersion=0, maxWireVersion=25, maxDocumentSize=16777216, logicalSessionTimeoutMinutes=30, roundTripTimeNanos=52835000, setName='rs0', canonicalAddress=mongo1:27017, hosts=[mongo1:27017], passives=[mongo3:27017, mongo2:27017], arbiters=[], primary='mongo1:27017', tagSet=TagSet{[]}, electionId=7fffffff00000000000000f7, setVersion=1, topologyVersion=TopologyVersion{processId=6750545c33ed055bb0fd0f23, counter=6}, lastWriteDate=Tue Dec 10 17:02:36 CST 2024, lastUpdateTimeNanos=546577536285600}
2024-12-10 17:02:46.504 [cluster-ClusterId{value='675803b61cb2b231b8b38aad', description='null'}-mongo2:27017] INFO  org.mongodb.driver.cluster - Rediscovering type of existing primary mongo1:27017
2024-12-10 17:02:46.505 [cluster-ClusterId{value='675803b61cb2b231b8b38aad', description='null'}-mongo2:27017] INFO  org.mongodb.driver.cluster - Discovered replica set primary mongo2:27017 with max election id 7fffffff00000000000000f7 and max set version 1
2024-12-10 17:02:46.591 [main] DEBUG cn.edu.xmu.javaee.order.config.OrderConfig - snowFlakeIdWorker: ip = 192.168.56.1
2024-12-10 17:02:47.234 [main] INFO  o.s.b.actuate.endpoint.web.EndpointLinksResolver - Exposing 14 endpoints beneath base path '/actuator'
2024-12-10 17:02:47.272 [main] INFO  org.apache.coyote.http11.Http11NioProtocol - Starting ProtocolHandler ["http-nio-8080"]
2024-12-10 17:02:47.312 [main] INFO  o.s.boot.web.embedded.tomcat.TomcatWebServer - Tomcat started on port 8080 (http) with context path '/'
2024-12-10 17:02:47.326 [main] INFO  cn.edu.xmu.javaee.order.OrderApplication - Started OrderApplication in 2.755 seconds (process running for 3.375)
2024-12-10 17:02:48.060 [RMI TCP Connection(2)-192.168.56.1] INFO  o.a.c.core.ContainerBase.[Tomcat].[localhost].[/] - Initializing Spring DispatcherServlet 'dispatcherServlet'
2024-12-10 17:02:48.061 [RMI TCP Connection(2)-192.168.56.1] INFO  org.springframework.web.servlet.DispatcherServlet - Initializing Servlet 'dispatcherServlet'
2024-12-10 17:02:48.062 [RMI TCP Connection(2)-192.168.56.1] INFO  org.springframework.web.servlet.DispatcherServlet - Completed initialization in 1 ms
2024-12-10 17:02:56.409 [cluster-ClusterId{value='675803b61cb2b231b8b38aad', description='null'}-mongo3:27017] INFO  org.mongodb.driver.cluster - Exception in monitor thread while connecting to server mongo3:27017
com.mongodb.MongoSocketOpenException: Exception opening socket
	at com.mongodb.internal.connection.SocketStream.lambda$open$0(SocketStream.java:86)
	at java.base/java.util.Optional.orElseThrow(Optional.java:403)
	at com.mongodb.internal.connection.SocketStream.open(SocketStream.java:86)
	at com.mongodb.internal.connection.InternalStreamConnection.open(InternalStreamConnection.java:201)
	at com.mongodb.internal.connection.DefaultServerMonitor$ServerMonitorRunnable.lookupServerDescription(DefaultServerMonitor.java:193)
	at com.mongodb.internal.connection.DefaultServerMonitor$ServerMonitorRunnable.run(DefaultServerMonitor.java:153)
	at java.base/java.lang.Thread.run(Thread.java:840)
Caused by: java.net.SocketTimeoutException: Connect timed out
	at java.base/sun.nio.ch.NioSocketImpl.timedFinishConnect(NioSocketImpl.java:551)
	at java.base/sun.nio.ch.NioSocketImpl.connect(NioSocketImpl.java:602)
	at java.base/java.net.SocksSocketImpl.connect(SocksSocketImpl.java:327)
	at java.base/java.net.Socket.connect(Socket.java:633)
	at com.mongodb.internal.connection.SocketStreamHelper.initialize(SocketStreamHelper.java:76)
	at com.mongodb.internal.connection.SocketStream.initializeSocket(SocketStream.java:105)
	at com.mongodb.internal.connection.SocketStream.open(SocketStream.java:80)
	... 4 common frames omitted
2024-12-10 17:02:56.467 [cluster-ClusterId{value='675803b61cb2b231b8b38aad', description='null'}-mongo1:27017] INFO  org.mongodb.driver.cluster - Rediscovering type of existing primary mongo2:27017
2024-12-10 17:02:56.467 [cluster-ClusterId{value='675803b61cb2b231b8b38aad', description='null'}-mongo1:27017] INFO  org.mongodb.driver.cluster - Discovered replica set primary mongo1:27017 with max election id 7fffffff00000000000000f7 and max set version 1
2024-12-10 17:02:56.570 [cluster-ClusterId{value='675803b61cb2b231b8b38aad', description='null'}-mongo2:27017] INFO  org.mongodb.driver.cluster - Rediscovering type of existing primary mongo1:27017
2024-12-10 17:02:56.570 [cluster-ClusterId{value='675803b61cb2b231b8b38aad', description='null'}-mongo2:27017] INFO  org.mongodb.driver.cluster - Discovered replica set primary mongo2:27017 with max election id 7fffffff00000000000000f7 and max set version 1
2024-12-10 17:02:58.092 [RMI TCP Connection(3)-192.168.56.1] WARN  o.s.boot.actuate.data.mongo.MongoHealthIndicator - MongoDB health check failed
org.springframework.dao.DataAccessResourceFailureException: Exception opening socket
	at org.springframework.data.mongodb.core.MongoExceptionTranslator.translateExceptionIfPossible(MongoExceptionTranslator.java:78)
	at org.springframework.data.mongodb.core.MongoTemplate.potentiallyConvertRuntimeException(MongoTemplate.java:3008)
	at org.springframework.data.mongodb.core.MongoTemplate.execute(MongoTemplate.java:584)
	at org.springframework.data.mongodb.core.MongoTemplate.executeCommand(MongoTemplate.java:516)
	at org.springframework.boot.actuate.data.mongo.MongoHealthIndicator.doHealthCheck(MongoHealthIndicator.java:46)
	at org.springframework.boot.actuate.health.AbstractHealthIndicator.health(AbstractHealthIndicator.java:82)
	at org.springframework.boot.actuate.health.HealthIndicator.getHealth(HealthIndicator.java:37)
	at org.springframework.boot.actuate.health.HealthEndpoint.getHealth(HealthEndpoint.java:82)
	at org.springframework.boot.actuate.health.HealthEndpoint.getHealth(HealthEndpoint.java:41)
	at org.springframework.boot.actuate.health.HealthEndpointSupport.getLoggedHealth(HealthEndpointSupport.java:172)
	at org.springframework.boot.actuate.health.HealthEndpointSupport.getContribution(HealthEndpointSupport.java:145)
	at org.springframework.boot.actuate.health.HealthEndpointSupport.getAggregateContribution(HealthEndpointSupport.java:156)
	at org.springframework.boot.actuate.health.HealthEndpointSupport.getContribution(HealthEndpointSupport.java:141)
	at org.springframework.boot.actuate.health.HealthEndpointSupport.getHealth(HealthEndpointSupport.java:110)
	at org.springframework.boot.actuate.health.HealthEndpointSupport.getHealth(HealthEndpointSupport.java:81)
	at org.springframework.boot.actuate.health.HealthEndpoint.health(HealthEndpoint.java:76)
	at org.springframework.boot.actuate.health.HealthEndpoint.health(HealthEndpoint.java:66)
	at java.base/jdk.internal.reflect.NativeMethodAccessorImpl.invoke0(Native Method)
	at java.base/jdk.internal.reflect.NativeMethodAccessorImpl.invoke(NativeMethodAccessorImpl.java:77)
	at java.base/jdk.internal.reflect.DelegatingMethodAccessorImpl.invoke(DelegatingMethodAccessorImpl.java:43)
	at java.base/java.lang.reflect.Method.invoke(Method.java:569)
	at org.springframework.util.ReflectionUtils.invokeMethod(ReflectionUtils.java:281)
	at org.springframework.boot.actuate.endpoint.invoke.reflect.ReflectiveOperationInvoker.invoke(ReflectiveOperationInvoker.java:74)
	at org.springframework.boot.actuate.endpoint.annotation.AbstractDiscoveredOperation.invoke(AbstractDiscoveredOperation.java:60)
	at org.springframework.boot.actuate.endpoint.jmx.EndpointMBean.invoke(EndpointMBean.java:124)
	at org.springframework.boot.actuate.endpoint.jmx.EndpointMBean.invoke(EndpointMBean.java:97)
	at java.management/com.sun.jmx.interceptor.DefaultMBeanServerInterceptor.invoke(DefaultMBeanServerInterceptor.java:814)
	at java.management/com.sun.jmx.mbeanserver.JmxMBeanServer.invoke(JmxMBeanServer.java:802)
	at java.management.rmi/javax.management.remote.rmi.RMIConnectionImpl.doOperation(RMIConnectionImpl.java:1472)
	at java.management.rmi/javax.management.remote.rmi.RMIConnectionImpl$PrivilegedOperation.run(RMIConnectionImpl.java:1310)
	at java.management.rmi/javax.management.remote.rmi.RMIConnectionImpl.doPrivilegedOperation(RMIConnectionImpl.java:1405)
	at java.management.rmi/javax.management.remote.rmi.RMIConnectionImpl.invoke(RMIConnectionImpl.java:829)
	at java.base/jdk.internal.reflect.GeneratedMethodAccessor17.invoke(Unknown Source)
	at java.base/jdk.internal.reflect.DelegatingMethodAccessorImpl.invoke(DelegatingMethodAccessorImpl.java:43)
	at java.base/java.lang.reflect.Method.invoke(Method.java:569)
	at java.rmi/sun.rmi.server.UnicastServerRef.dispatch(UnicastServerRef.java:360)
	at java.rmi/sun.rmi.transport.Transport$1.run(Transport.java:200)
	at java.rmi/sun.rmi.transport.Transport$1.run(Transport.java:197)
	at java.base/java.security.AccessController.doPrivileged(AccessController.java:712)
	at java.rmi/sun.rmi.transport.Transport.serviceCall(Transport.java:196)
	at java.rmi/sun.rmi.transport.tcp.TCPTransport.handleMessages(TCPTransport.java:587)
	at java.rmi/sun.rmi.transport.tcp.TCPTransport$ConnectionHandler.run0(TCPTransport.java:828)
	at java.rmi/sun.rmi.transport.tcp.TCPTransport$ConnectionHandler.lambda$run$0(TCPTransport.java:705)
	at java.base/java.security.AccessController.doPrivileged(AccessController.java:399)
	at java.rmi/sun.rmi.transport.tcp.TCPTransport$ConnectionHandler.run(TCPTransport.java:704)
	at java.base/java.util.concurrent.ThreadPoolExecutor.runWorker(ThreadPoolExecutor.java:1136)
	at java.base/java.util.concurrent.ThreadPoolExecutor$Worker.run(ThreadPoolExecutor.java:635)
	at java.base/java.lang.Thread.run(Thread.java:840)
Caused by: com.mongodb.MongoSocketOpenException: Exception opening socket
	at com.mongodb.internal.connection.SocketStream.lambda$open$0(SocketStream.java:86)
	at java.base/java.util.Optional.orElseThrow(Optional.java:403)
	at com.mongodb.internal.connection.SocketStream.open(SocketStream.java:86)
	at com.mongodb.internal.connection.InternalStreamConnection.open(InternalStreamConnection.java:201)
	at com.mongodb.internal.connection.UsageTrackingInternalConnection.open(UsageTrackingInternalConnection.java:55)
	at com.mongodb.internal.connection.DefaultConnectionPool$PooledConnection.open(DefaultConnectionPool.java:625)
	at com.mongodb.internal.connection.DefaultConnectionPool$OpenConcurrencyLimiter.openWithConcurrencyLimit(DefaultConnectionPool.java:965)
	at com.mongodb.internal.connection.DefaultConnectionPool$OpenConcurrencyLimiter.openOrGetAvailable(DefaultConnectionPool.java:906)
	at com.mongodb.internal.connection.DefaultConnectionPool.get(DefaultConnectionPool.java:203)
	at com.mongodb.internal.connection.DefaultConnectionPool.get(DefaultConnectionPool.java:192)
	at com.mongodb.internal.connection.DefaultServer.getConnection(DefaultServer.java:96)
	at com.mongodb.internal.binding.ClusterBinding$ClusterBindingConnectionSource.getConnection(ClusterBinding.java:178)
	at com.mongodb.client.internal.ClientSessionBinding$SessionBindingConnectionSource.getConnection(ClientSessionBinding.java:196)
	at com.mongodb.internal.operation.SyncOperationHelper.withSuppliedResource(SyncOperationHelper.java:141)
	at com.mongodb.internal.operation.SyncOperationHelper.lambda$withSourceAndConnection$1(SyncOperationHelper.java:123)
	at com.mongodb.internal.operation.SyncOperationHelper.withSuppliedResource(SyncOperationHelper.java:149)
	at com.mongodb.internal.operation.SyncOperationHelper.withSourceAndConnection(SyncOperationHelper.java:122)
	at com.mongodb.internal.operation.SyncOperationHelper.lambda$executeRetryableRead$4(SyncOperationHelper.java:186)
	at com.mongodb.internal.operation.SyncOperationHelper.lambda$decorateReadWithRetries$12(SyncOperationHelper.java:289)
	at com.mongodb.internal.async.function.RetryingSyncSupplier.get(RetryingSyncSupplier.java:67)
	at com.mongodb.internal.operation.SyncOperationHelper.executeRetryableRead(SyncOperationHelper.java:191)
	at com.mongodb.internal.operation.SyncOperationHelper.executeRetryableRead(SyncOperationHelper.java:173)
	at com.mongodb.internal.operation.CommandReadOperation.execute(CommandReadOperation.java:48)
	at com.mongodb.client.internal.MongoClientDelegate$DelegateOperationExecutor.execute(MongoClientDelegate.java:153)
	at com.mongodb.client.internal.MongoDatabaseImpl.executeCommand(MongoDatabaseImpl.java:196)
	at com.mongodb.client.internal.MongoDatabaseImpl.runCommand(MongoDatabaseImpl.java:165)
	at com.mongodb.client.internal.MongoDatabaseImpl.runCommand(MongoDatabaseImpl.java:160)
	at org.springframework.data.mongodb.core.MongoTemplate.lambda$executeCommand$3(MongoTemplate.java:516)
	at org.springframework.data.mongodb.core.MongoTemplate.execute(MongoTemplate.java:582)
	... 45 common frames omitted
Caused by: java.net.SocketTimeoutException: Connect timed out
	at java.base/sun.nio.ch.NioSocketImpl.timedFinishConnect(NioSocketImpl.java:551)
	at java.base/sun.nio.ch.NioSocketImpl.connect(NioSocketImpl.java:602)
	at java.base/java.net.SocksSocketImpl.connect(SocksSocketImpl.java:327)
	at java.base/java.net.Socket.connect(Socket.java:633)
	at com.mongodb.internal.connection.SocketStreamHelper.initialize(SocketStreamHelper.java:76)
	at com.mongodb.internal.connection.SocketStream.initializeSocket(SocketStream.java:105)
	at com.mongodb.internal.connection.SocketStream.open(SocketStream.java:80)
	... 71 common frames omitted
2024-12-10 17:02:58.096 [RMI TCP Connection(3)-192.168.56.1] WARN  o.s.boot.actuate.health.HealthEndpointSupport - Health contributor org.springframework.boot.actuate.data.mongo.MongoHealthIndicator (mongo) took 10035ms to respond
2024-12-10 17:03:06.473 [cluster-ClusterId{value='675803b61cb2b231b8b38aad', description='null'}-mongo1:27017] INFO  org.mongodb.driver.cluster - Discovered replica set primary mongo1:27017 with max election id 7fffffff00000000000000f7 and max set version 1
2024-12-10 17:03:18.095 [cluster-ClusterId{value='675803b61cb2b231b8b38aad', description='null'}-mongo2:27017] INFO  org.mongodb.driver.cluster - Exception in monitor thread while connecting to server mongo2:27017
com.mongodb.MongoSocketOpenException: Exception opening socket
	at com.mongodb.internal.connection.SocketStream.lambda$open$0(SocketStream.java:86)
	at java.base/java.util.Optional.orElseThrow(Optional.java:403)
	at com.mongodb.internal.connection.SocketStream.open(SocketStream.java:86)
	at com.mongodb.internal.connection.InternalStreamConnection.open(InternalStreamConnection.java:201)
	at com.mongodb.internal.connection.DefaultServerMonitor$ServerMonitorRunnable.lookupServerDescription(DefaultServerMonitor.java:193)
	at com.mongodb.internal.connection.DefaultServerMonitor$ServerMonitorRunnable.run(DefaultServerMonitor.java:153)
	at java.base/java.lang.Thread.run(Thread.java:840)
Caused by: java.net.SocketTimeoutException: Connect timed out
	at java.base/sun.nio.ch.NioSocketImpl.timedFinishConnect(NioSocketImpl.java:551)
	at java.base/sun.nio.ch.NioSocketImpl.connect(NioSocketImpl.java:602)
	at java.base/java.net.SocksSocketImpl.connect(SocksSocketImpl.java:327)
	at java.base/java.net.Socket.connect(Socket.java:633)
	at com.mongodb.internal.connection.SocketStreamHelper.initialize(SocketStreamHelper.java:76)
	at com.mongodb.internal.connection.SocketStream.initializeSocket(SocketStream.java:105)
	at com.mongodb.internal.connection.SocketStream.open(SocketStream.java:80)
	... 4 common frames omitted
2024-12-10 17:03:26.541 [cluster-ClusterId{value='675803b61cb2b231b8b38aad', description='null'}-mongo3:27017] INFO  org.mongodb.driver.cluster - Monitor thread successfully connected to server with description ServerDescription{address=mongo3:27017, type=REPLICA_SET_PRIMARY, state=CONNECTED, ok=true, minWireVersion=0, maxWireVersion=25, maxDocumentSize=16777216, logicalSessionTimeoutMinutes=30, roundTripTimeNanos=50853201, setName='rs0', canonicalAddress=mongo1:27017, hosts=[mongo1:27017], passives=[mongo3:27017, mongo2:27017], arbiters=[], primary='mongo1:27017', tagSet=TagSet{[]}, electionId=7fffffff00000000000000f7, setVersion=1, topologyVersion=TopologyVersion{processId=6750545c33ed055bb0fd0f23, counter=6}, lastWriteDate=Tue Dec 10 17:03:16 CST 2024, lastUpdateTimeNanos=546617572960500}
2024-12-10 17:03:26.542 [cluster-ClusterId{value='675803b61cb2b231b8b38aad', description='null'}-mongo3:27017] INFO  org.mongodb.driver.cluster - Rediscovering type of existing primary mongo1:27017
2024-12-10 17:03:26.542 [cluster-ClusterId{value='675803b61cb2b231b8b38aad', description='null'}-mongo3:27017] INFO  org.mongodb.driver.cluster - Discovered replica set primary mongo3:27017 with max election id 7fffffff00000000000000f7 and max set version 1
2024-12-10 17:03:28.194 [cluster-ClusterId{value='675803b61cb2b231b8b38aad', description='null'}-mongo2:27017] INFO  org.mongodb.driver.cluster - Monitor thread successfully connected to server with description ServerDescription{address=mongo2:27017, type=REPLICA_SET_PRIMARY, state=CONNECTED, ok=true, minWireVersion=0, maxWireVersion=25, maxDocumentSize=16777216, logicalSessionTimeoutMinutes=30, roundTripTimeNanos=46905700, setName='rs0', canonicalAddress=mongo1:27017, hosts=[mongo1:27017], passives=[mongo3:27017, mongo2:27017], arbiters=[], primary='mongo1:27017', tagSet=TagSet{[]}, electionId=7fffffff00000000000000f7, setVersion=1, topologyVersion=TopologyVersion{processId=6750545c33ed055bb0fd0f23, counter=6}, lastWriteDate=Tue Dec 10 17:03:26 CST 2024, lastUpdateTimeNanos=546619226681100}
2024-12-10 17:03:28.195 [cluster-ClusterId{value='675803b61cb2b231b8b38aad', description='null'}-mongo2:27017] INFO  org.mongodb.driver.cluster - Rediscovering type of existing primary mongo3:27017
2024-12-10 17:03:28.195 [cluster-ClusterId{value='675803b61cb2b231b8b38aad', description='null'}-mongo2:27017] INFO  org.mongodb.driver.cluster - Discovered replica set primary mongo2:27017 with max election id 7fffffff00000000000000f7 and max set version 1
2024-12-10 17:03:36.501 [cluster-ClusterId{value='675803b61cb2b231b8b38aad', description='null'}-mongo1:27017] INFO  org.mongodb.driver.cluster - Rediscovering type of existing primary mongo2:27017
2024-12-10 17:03:36.502 [cluster-ClusterId{value='675803b61cb2b231b8b38aad', description='null'}-mongo1:27017] INFO  org.mongodb.driver.cluster - Discovered replica set primary mongo1:27017 with max election id 7fffffff00000000000000f7 and max set version 1
2024-12-10 17:03:36.602 [cluster-ClusterId{value='675803b61cb2b231b8b38aad', description='null'}-mongo3:27017] INFO  org.mongodb.driver.cluster - Rediscovering type of existing primary mongo1:27017
2024-12-10 17:03:36.604 [cluster-ClusterId{value='675803b61cb2b231b8b38aad', description='null'}-mongo3:27017] INFO  org.mongodb.driver.cluster - Discovered replica set primary mongo3:27017 with max election id 7fffffff00000000000000f7 and max set version 1
2024-12-10 17:03:38.246 [cluster-ClusterId{value='675803b61cb2b231b8b38aad', description='null'}-mongo2:27017] INFO  org.mongodb.driver.cluster - Rediscovering type of existing primary mongo3:27017
2024-12-10 17:03:38.246 [cluster-ClusterId{value='675803b61cb2b231b8b38aad', description='null'}-mongo2:27017] INFO  org.mongodb.driver.cluster - Discovered replica set primary mongo2:27017 with max election id 7fffffff00000000000000f7 and max set version 1
2024-12-10 17:03:46.505 [cluster-ClusterId{value='675803b61cb2b231b8b38aad', description='null'}-mongo1:27017] INFO  org.mongodb.driver.cluster - Rediscovering type of existing primary mongo2:27017
2024-12-10 17:03:46.506 [cluster-ClusterId{value='675803b61cb2b231b8b38aad', description='null'}-mongo1:27017] INFO  org.mongodb.driver.cluster - Discovered replica set primary mongo1:27017 with max election id 7fffffff00000000000000f7 and max set version 1
2024-12-10 17:03:46.608 [cluster-ClusterId{value='675803b61cb2b231b8b38aad', description='null'}-mongo3:27017] INFO  org.mongodb.driver.cluster - Rediscovering type of existing primary mongo1:27017
2024-12-10 17:03:46.609 [cluster-ClusterId{value='675803b61cb2b231b8b38aad', description='null'}-mongo3:27017] INFO  org.mongodb.driver.cluster - Discovered replica set primary mongo3:27017 with max election id 7fffffff00000000000000f7 and max set version 1
2024-12-10 17:03:48.258 [cluster-ClusterId{value='675803b61cb2b231b8b38aad', description='null'}-mongo2:27017] INFO  org.mongodb.driver.cluster - Rediscovering type of existing primary mongo3:27017
2024-12-10 17:03:48.259 [cluster-ClusterId{value='675803b61cb2b231b8b38aad', description='null'}-mongo2:27017] INFO  org.mongodb.driver.cluster - Discovered replica set primary mongo2:27017 with max election id 7fffffff00000000000000f7 and max set version 1
2024-12-10 17:03:56.516 [cluster-ClusterId{value='675803b61cb2b231b8b38aad', description='null'}-mongo1:27017] INFO  org.mongodb.driver.cluster - Rediscovering type of existing primary mongo2:27017
2024-12-10 17:03:56.517 [cluster-ClusterId{value='675803b61cb2b231b8b38aad', description='null'}-mongo1:27017] INFO  org.mongodb.driver.cluster - Discovered replica set primary mongo1:27017 with max election id 7fffffff00000000000000f7 and max set version 1
2024-12-10 17:03:56.616 [cluster-ClusterId{value='675803b61cb2b231b8b38aad', description='null'}-mongo3:27017] INFO  org.mongodb.driver.cluster - Rediscovering type of existing primary mongo1:27017
2024-12-10 17:03:56.617 [cluster-ClusterId{value='675803b61cb2b231b8b38aad', description='null'}-mongo3:27017] INFO  org.mongodb.driver.cluster - Discovered replica set primary mongo3:27017 with max election id 7fffffff00000000000000f7 and max set version 1
2024-12-10 17:03:58.266 [cluster-ClusterId{value='675803b61cb2b231b8b38aad', description='null'}-mongo2:27017] INFO  org.mongodb.driver.cluster - Rediscovering type of existing primary mongo3:27017
2024-12-10 17:03:58.267 [cluster-ClusterId{value='675803b61cb2b231b8b38aad', description='null'}-mongo2:27017] INFO  org.mongodb.driver.cluster - Discovered replica set primary mongo2:27017 with max election id 7fffffff00000000000000f7 and max set version 1
2024-12-10 17:04:06.560 [cluster-ClusterId{value='675803b61cb2b231b8b38aad', description='null'}-mongo1:27017] INFO  org.mongodb.driver.cluster - Rediscovering type of existing primary mongo2:27017
2024-12-10 17:04:06.560 [cluster-ClusterId{value='675803b61cb2b231b8b38aad', description='null'}-mongo1:27017] INFO  org.mongodb.driver.cluster - Discovered replica set primary mongo1:27017 with max election id 7fffffff00000000000000f7 and max set version 1
2024-12-10 17:04:06.626 [cluster-ClusterId{value='675803b61cb2b231b8b38aad', description='null'}-mongo3:27017] INFO  org.mongodb.driver.cluster - Rediscovering type of existing primary mongo1:27017
2024-12-10 17:04:06.626 [cluster-ClusterId{value='675803b61cb2b231b8b38aad', description='null'}-mongo3:27017] INFO  org.mongodb.driver.cluster - Discovered replica set primary mongo3:27017 with max election id 7fffffff00000000000000f7 and max set version 1
2024-12-10 17:04:08.277 [cluster-ClusterId{value='675803b61cb2b231b8b38aad', description='null'}-mongo2:27017] INFO  org.mongodb.driver.cluster - Rediscovering type of existing primary mongo3:27017
2024-12-10 17:04:08.277 [cluster-ClusterId{value='675803b61cb2b231b8b38aad', description='null'}-mongo2:27017] INFO  org.mongodb.driver.cluster - Discovered replica set primary mongo2:27017 with max election id 7fffffff00000000000000f7 and max set version 1
2024-12-10 17:04:16.529 [cluster-ClusterId{value='675803b61cb2b231b8b38aad', description='null'}-mongo1:27017] INFO  org.mongodb.driver.cluster - Rediscovering type of existing primary mongo2:27017
2024-12-10 17:04:16.529 [cluster-ClusterId{value='675803b61cb2b231b8b38aad', description='null'}-mongo1:27017] INFO  org.mongodb.driver.cluster - Discovered replica set primary mongo1:27017 with max election id 7fffffff00000000000000f7 and max set version 1
2024-12-10 17:04:16.628 [cluster-ClusterId{value='675803b61cb2b231b8b38aad', description='null'}-mongo3:27017] INFO  org.mongodb.driver.cluster - Rediscovering type of existing primary mongo1:27017
2024-12-10 17:04:16.628 [cluster-ClusterId{value='675803b61cb2b231b8b38aad', description='null'}-mongo3:27017] INFO  org.mongodb.driver.cluster - Discovered replica set primary mongo3:27017 with max election id 7fffffff00000000000000f7 and max set version 1
2024-12-10 17:04:18.286 [cluster-ClusterId{value='675803b61cb2b231b8b38aad', description='null'}-mongo2:27017] INFO  org.mongodb.driver.cluster - Rediscovering type of existing primary mongo3:27017
2024-12-10 17:04:18.287 [cluster-ClusterId{value='675803b61cb2b231b8b38aad', description='null'}-mongo2:27017] INFO  org.mongodb.driver.cluster - Discovered replica set primary mongo2:27017 with max election id 7fffffff00000000000000f7 and max set version 1
2024-12-10 17:04:26.538 [cluster-ClusterId{value='675803b61cb2b231b8b38aad', description='null'}-mongo1:27017] INFO  org.mongodb.driver.cluster - Rediscovering type of existing primary mongo2:27017
2024-12-10 17:04:26.539 [cluster-ClusterId{value='675803b61cb2b231b8b38aad', description='null'}-mongo1:27017] INFO  org.mongodb.driver.cluster - Discovered replica set primary mongo1:27017 with max election id 7fffffff00000000000000f7 and max set version 1
2024-12-10 17:04:26.631 [cluster-ClusterId{value='675803b61cb2b231b8b38aad', description='null'}-mongo3:27017] INFO  org.mongodb.driver.cluster - Rediscovering type of existing primary mongo1:27017
2024-12-10 17:04:26.631 [cluster-ClusterId{value='675803b61cb2b231b8b38aad', description='null'}-mongo3:27017] INFO  org.mongodb.driver.cluster - Discovered replica set primary mongo3:27017 with max election id 7fffffff00000000000000f7 and max set version 1
2024-12-10 17:04:28.294 [cluster-ClusterId{value='675803b61cb2b231b8b38aad', description='null'}-mongo2:27017] INFO  org.mongodb.driver.cluster - Rediscovering type of existing primary mongo3:27017
2024-12-10 17:04:28.296 [cluster-ClusterId{value='675803b61cb2b231b8b38aad', description='null'}-mongo2:27017] INFO  org.mongodb.driver.cluster - Discovered replica set primary mongo2:27017 with max election id 7fffffff00000000000000f7 and max set version 1
2024-12-10 17:04:36.547 [cluster-ClusterId{value='675803b61cb2b231b8b38aad', description='null'}-mongo1:27017] INFO  org.mongodb.driver.cluster - Rediscovering type of existing primary mongo2:27017
2024-12-10 17:04:36.547 [cluster-ClusterId{value='675803b61cb2b231b8b38aad', description='null'}-mongo1:27017] INFO  org.mongodb.driver.cluster - Discovered replica set primary mongo1:27017 with max election id 7fffffff00000000000000f7 and max set version 1
2024-12-10 17:04:36.641 [cluster-ClusterId{value='675803b61cb2b231b8b38aad', description='null'}-mongo3:27017] INFO  org.mongodb.driver.cluster - Rediscovering type of existing primary mongo1:27017
2024-12-10 17:04:36.641 [cluster-ClusterId{value='675803b61cb2b231b8b38aad', description='null'}-mongo3:27017] INFO  org.mongodb.driver.cluster - Discovered replica set primary mongo3:27017 with max election id 7fffffff00000000000000f7 and max set version 1
2024-12-10 17:04:38.301 [cluster-ClusterId{value='675803b61cb2b231b8b38aad', description='null'}-mongo2:27017] INFO  org.mongodb.driver.cluster - Rediscovering type of existing primary mongo3:27017
2024-12-10 17:04:38.302 [cluster-ClusterId{value='675803b61cb2b231b8b38aad', description='null'}-mongo2:27017] INFO  org.mongodb.driver.cluster - Discovered replica set primary mongo2:27017 with max election id 7fffffff00000000000000f7 and max set version 1
2024-12-10 17:04:46.553 [cluster-ClusterId{value='675803b61cb2b231b8b38aad', description='null'}-mongo1:27017] INFO  org.mongodb.driver.cluster - Rediscovering type of existing primary mongo2:27017
2024-12-10 17:04:46.554 [cluster-ClusterId{value='675803b61cb2b231b8b38aad', description='null'}-mongo1:27017] INFO  org.mongodb.driver.cluster - Discovered replica set primary mongo1:27017 with max election id 7fffffff00000000000000f7 and max set version 1
2024-12-10 17:04:46.648 [cluster-ClusterId{value='675803b61cb2b231b8b38aad', description='null'}-mongo3:27017] INFO  org.mongodb.driver.cluster - Rediscovering type of existing primary mongo1:27017
2024-12-10 17:04:46.648 [cluster-ClusterId{value='675803b61cb2b231b8b38aad', description='null'}-mongo3:27017] INFO  org.mongodb.driver.cluster - Discovered replica set primary mongo3:27017 with max election id 7fffffff00000000000000f7 and max set version 1
2024-12-10 17:04:48.312 [cluster-ClusterId{value='675803b61cb2b231b8b38aad', description='null'}-mongo2:27017] INFO  org.mongodb.driver.cluster - Rediscovering type of existing primary mongo3:27017
2024-12-10 17:04:48.312 [cluster-ClusterId{value='675803b61cb2b231b8b38aad', description='null'}-mongo2:27017] INFO  org.mongodb.driver.cluster - Discovered replica set primary mongo2:27017 with max election id 7fffffff00000000000000f7 and max set version 1
2024-12-10 17:04:56.554 [cluster-ClusterId{value='675803b61cb2b231b8b38aad', description='null'}-mongo1:27017] INFO  org.mongodb.driver.cluster - Rediscovering type of existing primary mongo2:27017
2024-12-10 17:04:56.554 [cluster-ClusterId{value='675803b61cb2b231b8b38aad', description='null'}-mongo1:27017] INFO  org.mongodb.driver.cluster - Discovered replica set primary mongo1:27017 with max election id 7fffffff00000000000000f7 and max set version 1
2024-12-10 17:04:56.652 [cluster-ClusterId{value='675803b61cb2b231b8b38aad', description='null'}-mongo3:27017] INFO  org.mongodb.driver.cluster - Rediscovering type of existing primary mongo1:27017
2024-12-10 17:04:56.652 [cluster-ClusterId{value='675803b61cb2b231b8b38aad', description='null'}-mongo3:27017] INFO  org.mongodb.driver.cluster - Discovered replica set primary mongo3:27017 with max election id 7fffffff00000000000000f7 and max set version 1
2024-12-10 17:04:58.320 [cluster-ClusterId{value='675803b61cb2b231b8b38aad', description='null'}-mongo2:27017] INFO  org.mongodb.driver.cluster - Rediscovering type of existing primary mongo3:27017
2024-12-10 17:04:58.321 [cluster-ClusterId{value='675803b61cb2b231b8b38aad', description='null'}-mongo2:27017] INFO  org.mongodb.driver.cluster - Discovered replica set primary mongo2:27017 with max election id 7fffffff00000000000000f7 and max set version 1
2024-12-10 17:05:06.569 [cluster-ClusterId{value='675803b61cb2b231b8b38aad', description='null'}-mongo1:27017] INFO  org.mongodb.driver.cluster - Rediscovering type of existing primary mongo2:27017
2024-12-10 17:05:06.569 [cluster-ClusterId{value='675803b61cb2b231b8b38aad', description='null'}-mongo1:27017] INFO  org.mongodb.driver.cluster - Discovered replica set primary mongo1:27017 with max election id 7fffffff00000000000000f7 and max set version 1
2024-12-10 17:05:06.662 [cluster-ClusterId{value='675803b61cb2b231b8b38aad', description='null'}-mongo3:27017] INFO  org.mongodb.driver.cluster - Rediscovering type of existing primary mongo1:27017
2024-12-10 17:05:06.664 [cluster-ClusterId{value='675803b61cb2b231b8b38aad', description='null'}-mongo3:27017] INFO  org.mongodb.driver.cluster - Discovered replica set primary mongo3:27017 with max election id 7fffffff00000000000000f7 and max set version 1
2024-12-10 17:05:08.331 [cluster-ClusterId{value='675803b61cb2b231b8b38aad', description='null'}-mongo2:27017] INFO  org.mongodb.driver.cluster - Rediscovering type of existing primary mongo3:27017
2024-12-10 17:05:08.332 [cluster-ClusterId{value='675803b61cb2b231b8b38aad', description='null'}-mongo2:27017] INFO  org.mongodb.driver.cluster - Discovered replica set primary mongo2:27017 with max election id 7fffffff00000000000000f7 and max set version 1
2024-12-10 17:05:16.570 [cluster-ClusterId{value='675803b61cb2b231b8b38aad', description='null'}-mongo1:27017] INFO  org.mongodb.driver.cluster - Rediscovering type of existing primary mongo2:27017
2024-12-10 17:05:16.571 [cluster-ClusterId{value='675803b61cb2b231b8b38aad', description='null'}-mongo1:27017] INFO  org.mongodb.driver.cluster - Discovered replica set primary mongo1:27017 with max election id 7fffffff00000000000000f7 and max set version 1
2024-12-10 17:05:16.665 [cluster-ClusterId{value='675803b61cb2b231b8b38aad', description='null'}-mongo3:27017] INFO  org.mongodb.driver.cluster - Rediscovering type of existing primary mongo1:27017
2024-12-10 17:05:16.665 [cluster-ClusterId{value='675803b61cb2b231b8b38aad', description='null'}-mongo3:27017] INFO  org.mongodb.driver.cluster - Discovered replica set primary mongo3:27017 with max election id 7fffffff00000000000000f7 and max set version 1
2024-12-10 17:05:18.339 [cluster-ClusterId{value='675803b61cb2b231b8b38aad', description='null'}-mongo2:27017] INFO  org.mongodb.driver.cluster - Rediscovering type of existing primary mongo3:27017
2024-12-10 17:05:18.339 [cluster-ClusterId{value='675803b61cb2b231b8b38aad', description='null'}-mongo2:27017] INFO  org.mongodb.driver.cluster - Discovered replica set primary mongo2:27017 with max election id 7fffffff00000000000000f7 and max set version 1
2024-12-10 17:05:26.575 [cluster-ClusterId{value='675803b61cb2b231b8b38aad', description='null'}-mongo1:27017] INFO  org.mongodb.driver.cluster - Rediscovering type of existing primary mongo2:27017
2024-12-10 17:05:26.576 [cluster-ClusterId{value='675803b61cb2b231b8b38aad', description='null'}-mongo1:27017] INFO  org.mongodb.driver.cluster - Discovered replica set primary mongo1:27017 with max election id 7fffffff00000000000000f7 and max set version 1
2024-12-10 17:05:26.676 [cluster-ClusterId{value='675803b61cb2b231b8b38aad', description='null'}-mongo3:27017] INFO  org.mongodb.driver.cluster - Rediscovering type of existing primary mongo1:27017
2024-12-10 17:05:26.676 [cluster-ClusterId{value='675803b61cb2b231b8b38aad', description='null'}-mongo3:27017] INFO  org.mongodb.driver.cluster - Discovered replica set primary mongo3:27017 with max election id 7fffffff00000000000000f7 and max set version 1
2024-12-10 17:05:28.349 [cluster-ClusterId{value='675803b61cb2b231b8b38aad', description='null'}-mongo2:27017] INFO  org.mongodb.driver.cluster - Rediscovering type of existing primary mongo3:27017
2024-12-10 17:05:28.349 [cluster-ClusterId{value='675803b61cb2b231b8b38aad', description='null'}-mongo2:27017] INFO  org.mongodb.driver.cluster - Discovered replica set primary mongo2:27017 with max election id 7fffffff00000000000000f7 and max set version 1
2024-12-10 17:05:36.575 [cluster-ClusterId{value='675803b61cb2b231b8b38aad', description='null'}-mongo1:27017] INFO  org.mongodb.driver.cluster - Rediscovering type of existing primary mongo2:27017
2024-12-10 17:05:36.576 [cluster-ClusterId{value='675803b61cb2b231b8b38aad', description='null'}-mongo1:27017] INFO  org.mongodb.driver.cluster - Discovered replica set primary mongo1:27017 with max election id 7fffffff00000000000000f7 and max set version 1
2024-12-10 17:05:36.680 [cluster-ClusterId{value='675803b61cb2b231b8b38aad', description='null'}-mongo3:27017] INFO  org.mongodb.driver.cluster - Rediscovering type of existing primary mongo1:27017
2024-12-10 17:05:36.680 [cluster-ClusterId{value='675803b61cb2b231b8b38aad', description='null'}-mongo3:27017] INFO  org.mongodb.driver.cluster - Discovered replica set primary mongo3:27017 with max election id 7fffffff00000000000000f7 and max set version 1
2024-12-10 17:05:38.357 [cluster-ClusterId{value='675803b61cb2b231b8b38aad', description='null'}-mongo2:27017] INFO  org.mongodb.driver.cluster - Rediscovering type of existing primary mongo3:27017
2024-12-10 17:05:38.357 [cluster-ClusterId{value='675803b61cb2b231b8b38aad', description='null'}-mongo2:27017] INFO  org.mongodb.driver.cluster - Discovered replica set primary mongo2:27017 with max election id 7fffffff00000000000000f7 and max set version 1
2024-12-10 17:09:06.162 [background-preinit] INFO  org.hibernate.validator.internal.util.Version - HV000001: Hibernate Validator 8.0.1.Final
2024-12-10 17:09:06.207 [main] INFO  cn.edu.xmu.javaee.order.OrderApplication - Starting OrderApplication using Java 17.0.13 with PID 27192 (D:\JAVA\10.SpringData_Mongo1\10.SpringData_Mongo\order\target\classes started by 刘智文 in D:\JAVA\10.SpringData_Mongo1)
2024-12-10 17:09:06.207 [main] DEBUG cn.edu.xmu.javaee.order.OrderApplication - Running with Spring Boot v3.3.4, Spring v6.1.13
2024-12-10 17:09:06.207 [main] INFO  cn.edu.xmu.javaee.order.OrderApplication - No active profile set, falling back to 1 default profile: "default"
2024-12-10 17:09:06.809 [main] INFO  o.s.d.r.config.RepositoryConfigurationDelegate - Bootstrapping Spring Data MongoDB repositories in DEFAULT mode.
2024-12-10 17:09:06.849 [main] INFO  o.s.d.r.config.RepositoryConfigurationDelegate - Finished Spring Data repository scanning in 37 ms. Found 1 MongoDB repository interface.
2024-12-10 17:09:07.525 [main] INFO  o.s.boot.web.embedded.tomcat.TomcatWebServer - Tomcat initialized with port 8080 (http)
2024-12-10 17:09:07.527 [main] INFO  org.apache.catalina.core.AprLifecycleListener - An older version [1.3.0] of the Apache Tomcat Native library is installed, while Tomcat recommends a minimum version of [2.0.5]
2024-12-10 17:09:07.527 [main] INFO  org.apache.catalina.core.AprLifecycleListener - Loaded Apache Tomcat Native library [1.3.0] using APR version [1.7.4].
2024-12-10 17:09:07.539 [main] INFO  org.apache.catalina.core.AprLifecycleListener - OpenSSL successfully initialized [OpenSSL 3.0.13 30 Jan 2024]
2024-12-10 17:09:07.545 [main] INFO  org.apache.coyote.http11.Http11NioProtocol - Initializing ProtocolHandler ["http-nio-8080"]
2024-12-10 17:09:07.549 [main] INFO  org.apache.catalina.core.StandardService - Starting service [Tomcat]
2024-12-10 17:09:07.549 [main] INFO  org.apache.catalina.core.StandardEngine - Starting Servlet engine: [Apache Tomcat/10.1.30]
2024-12-10 17:09:07.610 [main] INFO  o.a.c.core.ContainerBase.[Tomcat].[localhost].[/] - Initializing Spring embedded WebApplicationContext
2024-12-10 17:09:07.610 [main] INFO  o.s.b.w.s.c.ServletWebServerApplicationContext - Root WebApplicationContext: initialization completed in 1379 ms
2024-12-10 17:09:07.822 [main] INFO  org.mongodb.driver.cluster - Adding discovered server mongo1:27017 to client view of cluster
2024-12-10 17:09:07.853 [main] INFO  org.mongodb.driver.cluster - Adding discovered server mongo2:27018 to client view of cluster
2024-12-10 17:09:07.856 [main] INFO  org.mongodb.driver.cluster - Adding discovered server mongo3:27019 to client view of cluster
2024-12-10 17:09:07.872 [main] INFO  org.mongodb.driver.client - MongoClient with metadata {"driver": {"name": "mongo-java-driver|sync", "version": "5.0.1"}, "os": {"type": "Windows", "name": "Windows 11", "architecture": "amd64", "version": "10.0"}, "platform": "Java/Amazon.com Inc./17.0.13+11-LTS"} created with settings MongoClientSettings{readPreference=ReadPreference{name=nearest, hedgeOptions=null}, writeConcern=WriteConcern{w=null, wTimeout=null ms, journal=null}, retryWrites=true, retryReads=true, readConcern=ReadConcern{level=null}, credential=MongoCredential{mechanism=null, userName='demouser', source='oomall', password=<hidden>, mechanismProperties=<hidden>}, transportSettings=null, commandListeners=[cn.edu.xmu.javaee.order.config.MongoCommandLogger@5834198f], codecRegistry=ProvidersCodecRegistry{codecProviders=[ValueCodecProvider{}, BsonValueCodecProvider{}, DBRefCodecProvider{}, DBObjectCodecProvider{}, DocumentCodecProvider{}, CollectionCodecProvider{}, IterableCodecProvider{}, MapCodecProvider{}, GeoJsonCodecProvider{}, GridFSFileCodecProvider{}, Jsr310CodecProvider{}, JsonObjectCodecProvider{}, BsonCodecProvider{}, EnumCodecProvider{}, com.mongodb.client.model.mql.ExpressionCodecProvider@4eb63dc8, com.mongodb.Jep395RecordCodecProvider@402d6012, com.mongodb.KotlinCodecProvider@395281c2]}, loggerSettings=LoggerSettings{maxDocumentLength=1000}, clusterSettings={hosts=[mongo1:27017, mongo2:27018, mongo3:27019], srvServiceName=mongodb, mode=MULTIPLE, requiredClusterType=REPLICA_SET, requiredReplicaSetName='rs0', serverSelector='null', clusterListeners='[]', serverSelectionTimeout='30000 ms', localThreshold='15 ms'}, socketSettings=SocketSettings{connectTimeoutMS=10000, readTimeoutMS=0, receiveBufferSize=0, proxySettings=ProxySettings{host=null, port=null, username=null, password=null}}, heartbeatSocketSettings=SocketSettings{connectTimeoutMS=10000, readTimeoutMS=10000, receiveBufferSize=0, proxySettings=ProxySettings{host=null, port=null, username=null, password=null}}, connectionPoolSettings=ConnectionPoolSettings{maxSize=100, minSize=0, maxWaitTimeMS=120000, maxConnectionLifeTimeMS=0, maxConnectionIdleTimeMS=0, maintenanceInitialDelayMS=0, maintenanceFrequencyMS=60000, connectionPoolListeners=[], maxConnecting=2}, serverSettings=ServerSettings{heartbeatFrequencyMS=10000, minHeartbeatFrequencyMS=500, serverListeners='[]', serverMonitorListeners='[]'}, sslSettings=SslSettings{enabled=false, invalidHostNameAllowed=false, context=null}, applicationName='null', compressorList=[], uuidRepresentation=UNSPECIFIED, serverApi=null, autoEncryptionSettings=null, dnsClient=null, inetAddressResolver=null, contextProvider=null}
2024-12-10 17:09:08.002 [cluster-ClusterId{value='6758053359852e1ba219bd9e', description='null'}-mongo2:27018] INFO  org.mongodb.driver.cluster - Monitor thread successfully connected to server with description ServerDescription{address=mongo2:27018, type=REPLICA_SET_SECONDARY, state=CONNECTED, ok=true, minWireVersion=0, maxWireVersion=25, maxDocumentSize=16777216, logicalSessionTimeoutMinutes=30, roundTripTimeNanos=74808000, setName='rs0', canonicalAddress=mongo2:27017, hosts=[mongo1:27017], passives=[mongo3:27017, mongo2:27017], arbiters=[], primary='mongo1:27017', tagSet=TagSet{[]}, electionId=null, setVersion=1, topologyVersion=TopologyVersion{processId=6750545c308f56f0811a7e7c, counter=4}, lastWriteDate=Tue Dec 10 17:09:06 CST 2024, lastUpdateTimeNanos=546959033108299}
2024-12-10 17:09:08.002 [cluster-ClusterId{value='6758053359852e1ba219bd9e', description='null'}-mongo1:27017] INFO  org.mongodb.driver.cluster - Monitor thread successfully connected to server with description ServerDescription{address=mongo1:27017, type=REPLICA_SET_PRIMARY, state=CONNECTED, ok=true, minWireVersion=0, maxWireVersion=25, maxDocumentSize=16777216, logicalSessionTimeoutMinutes=30, roundTripTimeNanos=71740300, setName='rs0', canonicalAddress=mongo1:27017, hosts=[mongo1:27017], passives=[mongo3:27017, mongo2:27017], arbiters=[], primary='mongo1:27017', tagSet=TagSet{[]}, electionId=7fffffff00000000000000f7, setVersion=1, topologyVersion=TopologyVersion{processId=6750545c33ed055bb0fd0f23, counter=6}, lastWriteDate=Tue Dec 10 17:09:06 CST 2024, lastUpdateTimeNanos=546959033108399}
2024-12-10 17:09:08.002 [cluster-ClusterId{value='6758053359852e1ba219bd9e', description='null'}-mongo3:27019] INFO  org.mongodb.driver.cluster - Monitor thread successfully connected to server with description ServerDescription{address=mongo3:27019, type=REPLICA_SET_SECONDARY, state=CONNECTED, ok=true, minWireVersion=0, maxWireVersion=25, maxDocumentSize=16777216, logicalSessionTimeoutMinutes=30, roundTripTimeNanos=71825600, setName='rs0', canonicalAddress=mongo3:27017, hosts=[mongo1:27017], passives=[mongo3:27017, mongo2:27017], arbiters=[], primary='mongo1:27017', tagSet=TagSet{[]}, electionId=null, setVersion=1, topologyVersion=TopologyVersion{processId=675056d943c010b9fd90950d, counter=4}, lastWriteDate=Tue Dec 10 17:09:06 CST 2024, lastUpdateTimeNanos=546959033146000}
2024-12-10 17:09:08.003 [cluster-ClusterId{value='6758053359852e1ba219bd9e', description='null'}-mongo3:27019] INFO  org.mongodb.driver.cluster - Adding discovered server mongo3:27017 to client view of cluster
2024-12-10 17:09:08.005 [cluster-ClusterId{value='6758053359852e1ba219bd9e', description='null'}-mongo3:27019] INFO  org.mongodb.driver.cluster - Adding discovered server mongo2:27017 to client view of cluster
2024-12-10 17:09:08.006 [cluster-ClusterId{value='6758053359852e1ba219bd9e', description='null'}-mongo3:27019] INFO  org.mongodb.driver.cluster - Canonical address mongo3:27017 does not match server address.  Removing mongo3:27019 from client view of cluster
2024-12-10 17:09:08.007 [cluster-ClusterId{value='6758053359852e1ba219bd9e', description='null'}-mongo2:27018] INFO  org.mongodb.driver.cluster - Canonical address mongo2:27017 does not match server address.  Removing mongo2:27018 from client view of cluster
2024-12-10 17:09:08.009 [cluster-ClusterId{value='6758053359852e1ba219bd9e', description='null'}-mongo1:27017] INFO  org.mongodb.driver.cluster - Discovered replica set primary mongo1:27017 with max election id 7fffffff00000000000000f7 and max set version 1
2024-12-10 17:09:08.292 [main] DEBUG cn.edu.xmu.javaee.order.config.OrderConfig - snowFlakeIdWorker: ip = 192.168.56.1
2024-12-10 17:09:08.975 [main] INFO  o.s.b.actuate.endpoint.web.EndpointLinksResolver - Exposing 14 endpoints beneath base path '/actuator'
2024-12-10 17:09:09.012 [main] INFO  org.apache.coyote.http11.Http11NioProtocol - Starting ProtocolHandler ["http-nio-8080"]
2024-12-10 17:09:09.027 [main] INFO  o.s.boot.web.embedded.tomcat.TomcatWebServer - Tomcat started on port 8080 (http) with context path '/'
2024-12-10 17:09:09.035 [main] INFO  cn.edu.xmu.javaee.order.OrderApplication - Started OrderApplication in 3.13 seconds (process running for 3.88)
2024-12-10 17:09:09.411 [RMI TCP Connection(3)-192.168.56.1] INFO  o.a.c.core.ContainerBase.[Tomcat].[localhost].[/] - Initializing Spring DispatcherServlet 'dispatcherServlet'
2024-12-10 17:09:09.411 [RMI TCP Connection(3)-192.168.56.1] INFO  org.springframework.web.servlet.DispatcherServlet - Initializing Servlet 'dispatcherServlet'
2024-12-10 17:09:09.412 [RMI TCP Connection(3)-192.168.56.1] INFO  org.springframework.web.servlet.DispatcherServlet - Completed initialization in 1 ms
2024-12-10 17:09:09.652 [RMI TCP Connection(2)-192.168.56.1] DEBUG org.mongodb.driver.protocol.command - Command "hello" started on database "oomall" using a connection with driver-generated ID 11 and server-generated ID 3532 to mongo1:27017. The request ID is 12 and the operation ID is 9. Command: {"hello": 1, "$db": "oomall", "lsid": {"id": {"$binary": {"base64": "uGAHQXzvQKyYYfxwf8mSMw==", "subType": "04"}}}}
2024-12-10 17:09:09.652 [RMI TCP Connection(2)-192.168.56.1] INFO  cn.edu.xmu.javaee.order.config.MongoCommandLogger - Command: hello
2024-12-10 17:09:09.652 [RMI TCP Connection(2)-192.168.56.1] INFO  cn.edu.xmu.javaee.order.config.MongoCommandLogger - Connection Address: mongo1:27017
2024-12-10 17:09:09.707 [RMI TCP Connection(2)-192.168.56.1] DEBUG org.mongodb.driver.protocol.command - Command "hello" succeeded on database "oomall" in 55.402201 ms using a connection with driver-generated ID 11 and server-generated ID 3532 to mongo1:27017. The request ID is 12 and the operation ID is 9. Command reply: {"topologyVersion": {"processId": {"$oid": "6750545c33ed055bb0fd0f23"}, "counter": 6}, "hosts": ["mongo1:27017"], "passives": ["mongo2:27017", "mongo3:27017"], "setName": "rs0", "setVersion": 1, "isWritablePrimary": true, "secondary": false, "primary": "mongo1:27017", "me": "mongo1:27017", "electionId": {"$oid": "7fffffff00000000000000f7"}, "lastWrite": {"opTime": {"ts": {"$timestamp": {"t": 1733821746, "i": 1}}, "t": 247}, "lastWriteDate": {"$date": "2024-12-10T09:09:06Z"}, "majorityOpTime": {"ts": {"$timestamp": {"t": 1733821746, "i": 1}}, "t": 247}, "majorityWriteDate": {"$date": "2024-12-10T09:09:06Z"}}, "maxBsonObjectSize": 16777216, "maxMessageSizeBytes": 48000000, "maxWriteBatchSize": 100000, "localTime": {"$date": "2024-12-10T09:09:09.816Z"}, "logicalSessionTimeoutMinutes": 30, "connectionId": 3532, "minWireVersion": 0, "maxWireVersion": 25, "readOnly": false, "ok": 1.0, "$clusterTime": {"clusterTime": {"$timestamp": {"t": 1733821746, "i": 1}}, "signature": {"hash": {"$binary": ...
2024-12-10 17:09:18.020 [cluster-ClusterId{value='6758053359852e1ba219bd9e', description='null'}-mongo2:27017] INFO  org.mongodb.driver.cluster - Exception in monitor thread while connecting to server mongo2:27017
com.mongodb.MongoSocketOpenException: Exception opening socket
	at com.mongodb.internal.connection.SocketStream.lambda$open$0(SocketStream.java:86)
	at java.base/java.util.Optional.orElseThrow(Optional.java:403)
	at com.mongodb.internal.connection.SocketStream.open(SocketStream.java:86)
	at com.mongodb.internal.connection.InternalStreamConnection.open(InternalStreamConnection.java:201)
	at com.mongodb.internal.connection.DefaultServerMonitor$ServerMonitorRunnable.lookupServerDescription(DefaultServerMonitor.java:193)
	at com.mongodb.internal.connection.DefaultServerMonitor$ServerMonitorRunnable.run(DefaultServerMonitor.java:153)
	at java.base/java.lang.Thread.run(Thread.java:840)
Caused by: java.net.SocketTimeoutException: Connect timed out
	at java.base/sun.nio.ch.NioSocketImpl.timedFinishConnect(NioSocketImpl.java:551)
	at java.base/sun.nio.ch.NioSocketImpl.connect(NioSocketImpl.java:602)
	at java.base/java.net.SocksSocketImpl.connect(SocksSocketImpl.java:327)
	at java.base/java.net.Socket.connect(Socket.java:633)
	at com.mongodb.internal.connection.SocketStreamHelper.initialize(SocketStreamHelper.java:76)
	at com.mongodb.internal.connection.SocketStream.initializeSocket(SocketStream.java:105)
	at com.mongodb.internal.connection.SocketStream.open(SocketStream.java:80)
	... 4 common frames omitted
2024-12-10 17:09:18.020 [cluster-ClusterId{value='6758053359852e1ba219bd9e', description='null'}-mongo3:27017] INFO  org.mongodb.driver.cluster - Exception in monitor thread while connecting to server mongo3:27017
com.mongodb.MongoSocketOpenException: Exception opening socket
	at com.mongodb.internal.connection.SocketStream.lambda$open$0(SocketStream.java:86)
	at java.base/java.util.Optional.orElseThrow(Optional.java:403)
	at com.mongodb.internal.connection.SocketStream.open(SocketStream.java:86)
	at com.mongodb.internal.connection.InternalStreamConnection.open(InternalStreamConnection.java:201)
	at com.mongodb.internal.connection.DefaultServerMonitor$ServerMonitorRunnable.lookupServerDescription(DefaultServerMonitor.java:193)
	at com.mongodb.internal.connection.DefaultServerMonitor$ServerMonitorRunnable.run(DefaultServerMonitor.java:153)
	at java.base/java.lang.Thread.run(Thread.java:840)
Caused by: java.net.SocketTimeoutException: Connect timed out
	at java.base/sun.nio.ch.NioSocketImpl.timedFinishConnect(NioSocketImpl.java:551)
	at java.base/sun.nio.ch.NioSocketImpl.connect(NioSocketImpl.java:602)
	at java.base/java.net.SocksSocketImpl.connect(SocksSocketImpl.java:327)
	at java.base/java.net.Socket.connect(Socket.java:633)
	at com.mongodb.internal.connection.SocketStreamHelper.initialize(SocketStreamHelper.java:76)
	at com.mongodb.internal.connection.SocketStream.initializeSocket(SocketStream.java:105)
	at com.mongodb.internal.connection.SocketStream.open(SocketStream.java:80)
	... 4 common frames omitted
2024-12-10 17:09:25.786 [http-nio-8080-exec-5] DEBUG org.mongodb.driver.protocol.command - Command "find" started on database "oomall" using a connection with driver-generated ID 11 and server-generated ID 3532 to mongo1:27017. The request ID is 16 and the operation ID is 15. Command: {"find": "order", "filter": {"_id": "65581677f4d2f1071a05d3d2"}, "limit": 1, "singleBatch": true, "$db": "oomall", "$clusterTime": {"clusterTime": {"$timestamp": {"t": 1733821746, "i": 1}}, "signature": {"hash": {"$binary": {"base64": "AAAAAAAAAAAAAAAAAAAAAAAAAAA=", "subType": "00"}}, "keyId": 0}}, "lsid": {"id": {"$binary": {"base64": "uGAHQXzvQKyYYfxwf8mSMw==", "subType": "04"}}}, "$readPreference": {"mode": "nearest"}}
2024-12-10 17:09:25.786 [http-nio-8080-exec-5] INFO  cn.edu.xmu.javaee.order.config.MongoCommandLogger - Command: find
2024-12-10 17:09:25.787 [http-nio-8080-exec-5] INFO  cn.edu.xmu.javaee.order.config.MongoCommandLogger - Connection Address: mongo1:27017
2024-12-10 17:09:25.836 [http-nio-8080-exec-5] DEBUG org.mongodb.driver.protocol.command - Command "find" succeeded on database "oomall" in 48.8305 ms using a connection with driver-generated ID 11 and server-generated ID 3532 to mongo1:27017. The request ID is 16 and the operation ID is 15. Command reply: {"cursor": {"firstBatch": [{"_id": "65581677f4d2f1071a05d3d2", "orderSn": "O1175370378290176000", "consignee": "最日月月金开看嘛", "regionId": 924, "address": "福林宁头州头泉湘津夷", "mobile": "009365", "message": "最电", "orderItems": [{"_id": 1175370378294370304, "onsaleId": 629, "quantity": 7}, {"_id": 1175370378294370304, "onsaleId": 205, "quantity": 2}, {"_id": 1175370378294370304, "onsaleId": 629, "quantity": 8}, {"_id": 1175370378294370304, "onsaleId": 714, "quantity": 4}, {"_id": 1175370378294370304, "onsaleId": 810, "quantity": 3}], "_class": "cn.edu.xmu.javaee.order.dao.bo.Order"}], "id": 0, "ns": "oomall.order"}, "ok": 1.0, "$clusterTime": {"clusterTime": {"$timestamp": {"t": 1733821756, "i": 1}}, "signature": {"hash": {"$binary": {"base64": "AAAAAAAAAAAAAAAAAAAAAAAAAAA=", "subType": "00"}}, "keyId": 0}}, "operationTime": {"$timestamp": {"t": 1733821756, "i": 1}}}
2024-12-10 17:09:25.877 [http-nio-8080-exec-5] DEBUG c.e.xmu.javaee.order.controller.CustomerController - getOrders: order = Order(id=65581677f4d2f1071a05d3d2, customerId=null, shopId=null, orderSn=O1175370378290176000, consignee=最日月月金开看嘛, regionId=924, address=福林宁头州头泉湘津夷, mobile=009365, message=最电, activityId=null, packageId=null, orderItems=[OrderItem(id=1175370378294370304, onsaleId=629, quantity=7, price=null, discountPrice=null, point=null, name=null, actId=null, couponId=null), OrderItem(id=1175370378294370304, onsaleId=205, quantity=2, price=null, discountPrice=null, point=null, name=null, actId=null, couponId=null), OrderItem(id=1175370378294370304, onsaleId=629, quantity=8, price=null, discountPrice=null, point=null, name=null, actId=null, couponId=null), OrderItem(id=1175370378294370304, onsaleId=714, quantity=4, price=null, discountPrice=null, point=null, name=null, actId=null, couponId=null), OrderItem(id=1175370378294370304, onsaleId=810, quantity=3, price=null, discountPrice=null, point=null, name=null, actId=null, couponId=null)], creatorId=null, creatorName=null, modifierId=null, modifierName=null, gmtCreate=null, gmtModified=null)
2024-12-10 17:09:25.916 [http-nio-8080-exec-5] DEBUG c.e.xmu.javaee.order.controller.CustomerController - getOrders: items = [OrderItemDto(id=1175370378294370304, onsaleId=629, quantity=7, price=null, discountPrice=null, point=null, name=null), OrderItemDto(id=1175370378294370304, onsaleId=205, quantity=2, price=null, discountPrice=null, point=null, name=null), OrderItemDto(id=1175370378294370304, onsaleId=629, quantity=8, price=null, discountPrice=null, point=null, name=null), OrderItemDto(id=1175370378294370304, onsaleId=714, quantity=4, price=null, discountPrice=null, point=null, name=null), OrderItemDto(id=1175370378294370304, onsaleId=810, quantity=3, price=null, discountPrice=null, point=null, name=null)]
2024-12-10 17:09:28.137 [cluster-ClusterId{value='6758053359852e1ba219bd9e', description='null'}-mongo3:27017] INFO  org.mongodb.driver.cluster - Monitor thread successfully connected to server with description ServerDescription{address=mongo3:27017, type=REPLICA_SET_PRIMARY, state=CONNECTED, ok=true, minWireVersion=0, maxWireVersion=25, maxDocumentSize=16777216, logicalSessionTimeoutMinutes=30, roundTripTimeNanos=50346900, setName='rs0', canonicalAddress=mongo1:27017, hosts=[mongo1:27017], passives=[mongo3:27017, mongo2:27017], arbiters=[], primary='mongo1:27017', tagSet=TagSet{[]}, electionId=7fffffff00000000000000f7, setVersion=1, topologyVersion=TopologyVersion{processId=6750545c33ed055bb0fd0f23, counter=6}, lastWriteDate=Tue Dec 10 17:09:26 CST 2024, lastUpdateTimeNanos=546979169204200}
2024-12-10 17:09:28.138 [cluster-ClusterId{value='6758053359852e1ba219bd9e', description='null'}-mongo3:27017] INFO  org.mongodb.driver.cluster - Rediscovering type of existing primary mongo1:27017
2024-12-10 17:09:28.145 [cluster-ClusterId{value='6758053359852e1ba219bd9e', description='null'}-mongo3:27017] INFO  org.mongodb.driver.cluster - Discovered replica set primary mongo3:27017 with max election id 7fffffff00000000000000f7 and max set version 1
2024-12-10 17:09:38.077 [cluster-ClusterId{value='6758053359852e1ba219bd9e', description='null'}-mongo1:27017] INFO  org.mongodb.driver.cluster - Rediscovering type of existing primary mongo3:27017
2024-12-10 17:09:38.079 [cluster-ClusterId{value='6758053359852e1ba219bd9e', description='null'}-mongo1:27017] INFO  org.mongodb.driver.cluster - Discovered replica set primary mongo1:27017 with max election id 7fffffff00000000000000f7 and max set version 1
2024-12-10 17:09:38.200 [cluster-ClusterId{value='6758053359852e1ba219bd9e', description='null'}-mongo3:27017] INFO  org.mongodb.driver.cluster - Rediscovering type of existing primary mongo1:27017
2024-12-10 17:09:38.201 [cluster-ClusterId{value='6758053359852e1ba219bd9e', description='null'}-mongo3:27017] INFO  org.mongodb.driver.cluster - Discovered replica set primary mongo3:27017 with max election id 7fffffff00000000000000f7 and max set version 1
2024-12-10 17:09:48.087 [cluster-ClusterId{value='6758053359852e1ba219bd9e', description='null'}-mongo1:27017] INFO  org.mongodb.driver.cluster - Rediscovering type of existing primary mongo3:27017
2024-12-10 17:09:48.087 [cluster-ClusterId{value='6758053359852e1ba219bd9e', description='null'}-mongo1:27017] INFO  org.mongodb.driver.cluster - Discovered replica set primary mongo1:27017 with max election id 7fffffff00000000000000f7 and max set version 1
2024-12-10 17:09:48.127 [cluster-ClusterId{value='6758053359852e1ba219bd9e', description='null'}-mongo2:27017] INFO  org.mongodb.driver.cluster - Monitor thread successfully connected to server with description ServerDescription{address=mongo2:27017, type=REPLICA_SET_PRIMARY, state=CONNECTED, ok=true, minWireVersion=0, maxWireVersion=25, maxDocumentSize=16777216, logicalSessionTimeoutMinutes=30, roundTripTimeNanos=44942499, setName='rs0', canonicalAddress=mongo1:27017, hosts=[mongo1:27017], passives=[mongo3:27017, mongo2:27017], arbiters=[], primary='mongo1:27017', tagSet=TagSet{[]}, electionId=7fffffff00000000000000f7, setVersion=1, topologyVersion=TopologyVersion{processId=6750545c33ed055bb0fd0f23, counter=6}, lastWriteDate=Tue Dec 10 17:09:46 CST 2024, lastUpdateTimeNanos=546999158190900}
2024-12-10 17:09:48.127 [cluster-ClusterId{value='6758053359852e1ba219bd9e', description='null'}-mongo2:27017] INFO  org.mongodb.driver.cluster - Rediscovering type of existing primary mongo1:27017
2024-12-10 17:09:48.128 [cluster-ClusterId{value='6758053359852e1ba219bd9e', description='null'}-mongo2:27017] INFO  org.mongodb.driver.cluster - Discovered replica set primary mongo2:27017 with max election id 7fffffff00000000000000f7 and max set version 1
2024-12-10 17:09:48.203 [cluster-ClusterId{value='6758053359852e1ba219bd9e', description='null'}-mongo3:27017] INFO  org.mongodb.driver.cluster - Rediscovering type of existing primary mongo2:27017
2024-12-10 17:09:48.203 [cluster-ClusterId{value='6758053359852e1ba219bd9e', description='null'}-mongo3:27017] INFO  org.mongodb.driver.cluster - Discovered replica set primary mongo3:27017 with max election id 7fffffff00000000000000f7 and max set version 1
2024-12-10 17:09:58.091 [cluster-ClusterId{value='6758053359852e1ba219bd9e', description='null'}-mongo1:27017] INFO  org.mongodb.driver.cluster - Rediscovering type of existing primary mongo3:27017
2024-12-10 17:09:58.092 [cluster-ClusterId{value='6758053359852e1ba219bd9e', description='null'}-mongo1:27017] INFO  org.mongodb.driver.cluster - Discovered replica set primary mongo1:27017 with max election id 7fffffff00000000000000f7 and max set version 1
2024-12-10 17:09:58.182 [cluster-ClusterId{value='6758053359852e1ba219bd9e', description='null'}-mongo2:27017] INFO  org.mongodb.driver.cluster - Rediscovering type of existing primary mongo1:27017
2024-12-10 17:09:58.183 [cluster-ClusterId{value='6758053359852e1ba219bd9e', description='null'}-mongo2:27017] INFO  org.mongodb.driver.cluster - Discovered replica set primary mongo2:27017 with max election id 7fffffff00000000000000f7 and max set version 1
2024-12-10 17:09:58.211 [cluster-ClusterId{value='6758053359852e1ba219bd9e', description='null'}-mongo3:27017] INFO  org.mongodb.driver.cluster - Rediscovering type of existing primary mongo2:27017
2024-12-10 17:09:58.211 [cluster-ClusterId{value='6758053359852e1ba219bd9e', description='null'}-mongo3:27017] INFO  org.mongodb.driver.cluster - Discovered replica set primary mongo3:27017 with max election id 7fffffff00000000000000f7 and max set version 1
2024-12-10 17:10:08.099 [cluster-ClusterId{value='6758053359852e1ba219bd9e', description='null'}-mongo1:27017] INFO  org.mongodb.driver.cluster - Rediscovering type of existing primary mongo3:27017
2024-12-10 17:10:08.100 [cluster-ClusterId{value='6758053359852e1ba219bd9e', description='null'}-mongo1:27017] INFO  org.mongodb.driver.cluster - Discovered replica set primary mongo1:27017 with max election id 7fffffff00000000000000f7 and max set version 1
2024-12-10 17:10:08.192 [cluster-ClusterId{value='6758053359852e1ba219bd9e', description='null'}-mongo2:27017] INFO  org.mongodb.driver.cluster - Rediscovering type of existing primary mongo1:27017
2024-12-10 17:10:08.192 [cluster-ClusterId{value='6758053359852e1ba219bd9e', description='null'}-mongo2:27017] INFO  org.mongodb.driver.cluster - Discovered replica set primary mongo2:27017 with max election id 7fffffff00000000000000f7 and max set version 1
2024-12-10 17:10:08.221 [cluster-ClusterId{value='6758053359852e1ba219bd9e', description='null'}-mongo3:27017] INFO  org.mongodb.driver.cluster - Rediscovering type of existing primary mongo2:27017
2024-12-10 17:10:08.221 [cluster-ClusterId{value='6758053359852e1ba219bd9e', description='null'}-mongo3:27017] INFO  org.mongodb.driver.cluster - Discovered replica set primary mongo3:27017 with max election id 7fffffff00000000000000f7 and max set version 1
2024-12-10 17:10:18.104 [cluster-ClusterId{value='6758053359852e1ba219bd9e', description='null'}-mongo1:27017] INFO  org.mongodb.driver.cluster - Rediscovering type of existing primary mongo3:27017
2024-12-10 17:10:18.104 [cluster-ClusterId{value='6758053359852e1ba219bd9e', description='null'}-mongo1:27017] INFO  org.mongodb.driver.cluster - Discovered replica set primary mongo1:27017 with max election id 7fffffff00000000000000f7 and max set version 1
2024-12-10 17:10:18.198 [cluster-ClusterId{value='6758053359852e1ba219bd9e', description='null'}-mongo2:27017] INFO  org.mongodb.driver.cluster - Rediscovering type of existing primary mongo1:27017
2024-12-10 17:10:18.199 [cluster-ClusterId{value='6758053359852e1ba219bd9e', description='null'}-mongo2:27017] INFO  org.mongodb.driver.cluster - Discovered replica set primary mongo2:27017 with max election id 7fffffff00000000000000f7 and max set version 1
2024-12-10 17:10:18.227 [cluster-ClusterId{value='6758053359852e1ba219bd9e', description='null'}-mongo3:27017] INFO  org.mongodb.driver.cluster - Rediscovering type of existing primary mongo2:27017
2024-12-10 17:10:18.229 [cluster-ClusterId{value='6758053359852e1ba219bd9e', description='null'}-mongo3:27017] INFO  org.mongodb.driver.cluster - Discovered replica set primary mongo3:27017 with max election id 7fffffff00000000000000f7 and max set version 1
2024-12-10 17:10:28.114 [cluster-ClusterId{value='6758053359852e1ba219bd9e', description='null'}-mongo1:27017] INFO  org.mongodb.driver.cluster - Rediscovering type of existing primary mongo3:27017
2024-12-10 17:10:28.114 [cluster-ClusterId{value='6758053359852e1ba219bd9e', description='null'}-mongo1:27017] INFO  org.mongodb.driver.cluster - Discovered replica set primary mongo1:27017 with max election id 7fffffff00000000000000f7 and max set version 1
2024-12-10 17:10:28.199 [cluster-ClusterId{value='6758053359852e1ba219bd9e', description='null'}-mongo2:27017] INFO  org.mongodb.driver.cluster - Rediscovering type of existing primary mongo1:27017
2024-12-10 17:10:28.199 [cluster-ClusterId{value='6758053359852e1ba219bd9e', description='null'}-mongo2:27017] INFO  org.mongodb.driver.cluster - Discovered replica set primary mongo2:27017 with max election id 7fffffff00000000000000f7 and max set version 1
2024-12-10 17:10:28.230 [cluster-ClusterId{value='6758053359852e1ba219bd9e', description='null'}-mongo3:27017] INFO  org.mongodb.driver.cluster - Rediscovering type of existing primary mongo2:27017
2024-12-10 17:10:28.231 [cluster-ClusterId{value='6758053359852e1ba219bd9e', description='null'}-mongo3:27017] INFO  org.mongodb.driver.cluster - Discovered replica set primary mongo3:27017 with max election id 7fffffff00000000000000f7 and max set version 1
2024-12-10 17:10:38.127 [cluster-ClusterId{value='6758053359852e1ba219bd9e', description='null'}-mongo1:27017] INFO  org.mongodb.driver.cluster - Rediscovering type of existing primary mongo3:27017
2024-12-10 17:10:38.127 [cluster-ClusterId{value='6758053359852e1ba219bd9e', description='null'}-mongo1:27017] INFO  org.mongodb.driver.cluster - Discovered replica set primary mongo1:27017 with max election id 7fffffff00000000000000f7 and max set version 1
2024-12-10 17:10:38.202 [cluster-ClusterId{value='6758053359852e1ba219bd9e', description='null'}-mongo2:27017] INFO  org.mongodb.driver.cluster - Rediscovering type of existing primary mongo1:27017
2024-12-10 17:10:38.203 [cluster-ClusterId{value='6758053359852e1ba219bd9e', description='null'}-mongo2:27017] INFO  org.mongodb.driver.cluster - Discovered replica set primary mongo2:27017 with max election id 7fffffff00000000000000f7 and max set version 1
2024-12-10 17:10:38.233 [cluster-ClusterId{value='6758053359852e1ba219bd9e', description='null'}-mongo3:27017] INFO  org.mongodb.driver.cluster - Rediscovering type of existing primary mongo2:27017
2024-12-10 17:10:38.233 [cluster-ClusterId{value='6758053359852e1ba219bd9e', description='null'}-mongo3:27017] INFO  org.mongodb.driver.cluster - Discovered replica set primary mongo3:27017 with max election id 7fffffff00000000000000f7 and max set version 1
2024-12-10 17:10:48.133 [cluster-ClusterId{value='6758053359852e1ba219bd9e', description='null'}-mongo1:27017] INFO  org.mongodb.driver.cluster - Rediscovering type of existing primary mongo3:27017
2024-12-10 17:10:48.134 [cluster-ClusterId{value='6758053359852e1ba219bd9e', description='null'}-mongo1:27017] INFO  org.mongodb.driver.cluster - Discovered replica set primary mongo1:27017 with max election id 7fffffff00000000000000f7 and max set version 1
2024-12-10 17:10:48.213 [cluster-ClusterId{value='6758053359852e1ba219bd9e', description='null'}-mongo2:27017] INFO  org.mongodb.driver.cluster - Rediscovering type of existing primary mongo1:27017
2024-12-10 17:10:48.213 [cluster-ClusterId{value='6758053359852e1ba219bd9e', description='null'}-mongo2:27017] INFO  org.mongodb.driver.cluster - Discovered replica set primary mongo2:27017 with max election id 7fffffff00000000000000f7 and max set version 1
2024-12-10 17:10:48.245 [cluster-ClusterId{value='6758053359852e1ba219bd9e', description='null'}-mongo3:27017] INFO  org.mongodb.driver.cluster - Rediscovering type of existing primary mongo2:27017
2024-12-10 17:10:48.246 [cluster-ClusterId{value='6758053359852e1ba219bd9e', description='null'}-mongo3:27017] INFO  org.mongodb.driver.cluster - Discovered replica set primary mongo3:27017 with max election id 7fffffff00000000000000f7 and max set version 1
2024-12-10 17:10:58.139 [cluster-ClusterId{value='6758053359852e1ba219bd9e', description='null'}-mongo1:27017] INFO  org.mongodb.driver.cluster - Rediscovering type of existing primary mongo3:27017
2024-12-10 17:10:58.139 [cluster-ClusterId{value='6758053359852e1ba219bd9e', description='null'}-mongo1:27017] INFO  org.mongodb.driver.cluster - Discovered replica set primary mongo1:27017 with max election id 7fffffff00000000000000f7 and max set version 1
2024-12-10 17:10:58.222 [cluster-ClusterId{value='6758053359852e1ba219bd9e', description='null'}-mongo2:27017] INFO  org.mongodb.driver.cluster - Rediscovering type of existing primary mongo1:27017
2024-12-10 17:10:58.223 [cluster-ClusterId{value='6758053359852e1ba219bd9e', description='null'}-mongo2:27017] INFO  org.mongodb.driver.cluster - Discovered replica set primary mongo2:27017 with max election id 7fffffff00000000000000f7 and max set version 1
2024-12-10 17:10:58.248 [cluster-ClusterId{value='6758053359852e1ba219bd9e', description='null'}-mongo3:27017] INFO  org.mongodb.driver.cluster - Rediscovering type of existing primary mongo2:27017
2024-12-10 17:10:58.249 [cluster-ClusterId{value='6758053359852e1ba219bd9e', description='null'}-mongo3:27017] INFO  org.mongodb.driver.cluster - Discovered replica set primary mongo3:27017 with max election id 7fffffff00000000000000f7 and max set version 1
2024-12-10 17:11:08.144 [cluster-ClusterId{value='6758053359852e1ba219bd9e', description='null'}-mongo1:27017] INFO  org.mongodb.driver.cluster - Rediscovering type of existing primary mongo3:27017
2024-12-10 17:11:08.145 [cluster-ClusterId{value='6758053359852e1ba219bd9e', description='null'}-mongo1:27017] INFO  org.mongodb.driver.cluster - Discovered replica set primary mongo1:27017 with max election id 7fffffff00000000000000f7 and max set version 1
2024-12-10 17:11:08.220 [cluster-ClusterId{value='6758053359852e1ba219bd9e', description='null'}-mongo2:27017] INFO  org.mongodb.driver.cluster - Rediscovering type of existing primary mongo1:27017
2024-12-10 17:11:08.221 [cluster-ClusterId{value='6758053359852e1ba219bd9e', description='null'}-mongo2:27017] INFO  org.mongodb.driver.cluster - Discovered replica set primary mongo2:27017 with max election id 7fffffff00000000000000f7 and max set version 1
2024-12-10 17:11:08.253 [cluster-ClusterId{value='6758053359852e1ba219bd9e', description='null'}-mongo3:27017] INFO  org.mongodb.driver.cluster - Rediscovering type of existing primary mongo2:27017
2024-12-10 17:11:08.254 [cluster-ClusterId{value='6758053359852e1ba219bd9e', description='null'}-mongo3:27017] INFO  org.mongodb.driver.cluster - Discovered replica set primary mongo3:27017 with max election id 7fffffff00000000000000f7 and max set version 1
2024-12-10 17:11:18.153 [cluster-ClusterId{value='6758053359852e1ba219bd9e', description='null'}-mongo1:27017] INFO  org.mongodb.driver.cluster - Rediscovering type of existing primary mongo3:27017
2024-12-10 17:11:18.154 [cluster-ClusterId{value='6758053359852e1ba219bd9e', description='null'}-mongo1:27017] INFO  org.mongodb.driver.cluster - Discovered replica set primary mongo1:27017 with max election id 7fffffff00000000000000f7 and max set version 1
2024-12-10 17:11:18.230 [cluster-ClusterId{value='6758053359852e1ba219bd9e', description='null'}-mongo2:27017] INFO  org.mongodb.driver.cluster - Rediscovering type of existing primary mongo1:27017
2024-12-10 17:11:18.231 [cluster-ClusterId{value='6758053359852e1ba219bd9e', description='null'}-mongo2:27017] INFO  org.mongodb.driver.cluster - Discovered replica set primary mongo2:27017 with max election id 7fffffff00000000000000f7 and max set version 1
2024-12-10 17:11:18.264 [cluster-ClusterId{value='6758053359852e1ba219bd9e', description='null'}-mongo3:27017] INFO  org.mongodb.driver.cluster - Rediscovering type of existing primary mongo2:27017
2024-12-10 17:11:18.264 [cluster-ClusterId{value='6758053359852e1ba219bd9e', description='null'}-mongo3:27017] INFO  org.mongodb.driver.cluster - Discovered replica set primary mongo3:27017 with max election id 7fffffff00000000000000f7 and max set version 1
2024-12-10 17:11:28.161 [cluster-ClusterId{value='6758053359852e1ba219bd9e', description='null'}-mongo1:27017] INFO  org.mongodb.driver.cluster - Rediscovering type of existing primary mongo3:27017
2024-12-10 17:11:28.161 [cluster-ClusterId{value='6758053359852e1ba219bd9e', description='null'}-mongo1:27017] INFO  org.mongodb.driver.cluster - Discovered replica set primary mongo1:27017 with max election id 7fffffff00000000000000f7 and max set version 1
2024-12-10 17:11:28.231 [cluster-ClusterId{value='6758053359852e1ba219bd9e', description='null'}-mongo2:27017] INFO  org.mongodb.driver.cluster - Rediscovering type of existing primary mongo1:27017
2024-12-10 17:11:28.231 [cluster-ClusterId{value='6758053359852e1ba219bd9e', description='null'}-mongo2:27017] INFO  org.mongodb.driver.cluster - Discovered replica set primary mongo2:27017 with max election id 7fffffff00000000000000f7 and max set version 1
2024-12-10 17:11:28.268 [cluster-ClusterId{value='6758053359852e1ba219bd9e', description='null'}-mongo3:27017] INFO  org.mongodb.driver.cluster - Rediscovering type of existing primary mongo2:27017
2024-12-10 17:11:28.268 [cluster-ClusterId{value='6758053359852e1ba219bd9e', description='null'}-mongo3:27017] INFO  org.mongodb.driver.cluster - Discovered replica set primary mongo3:27017 with max election id 7fffffff00000000000000f7 and max set version 1
2024-12-10 17:11:38.173 [cluster-ClusterId{value='6758053359852e1ba219bd9e', description='null'}-mongo1:27017] INFO  org.mongodb.driver.cluster - Rediscovering type of existing primary mongo3:27017
2024-12-10 17:11:38.173 [cluster-ClusterId{value='6758053359852e1ba219bd9e', description='null'}-mongo1:27017] INFO  org.mongodb.driver.cluster - Discovered replica set primary mongo1:27017 with max election id 7fffffff00000000000000f7 and max set version 1
2024-12-10 17:11:38.235 [cluster-ClusterId{value='6758053359852e1ba219bd9e', description='null'}-mongo2:27017] INFO  org.mongodb.driver.cluster - Rediscovering type of existing primary mongo1:27017
2024-12-10 17:11:38.235 [cluster-ClusterId{value='6758053359852e1ba219bd9e', description='null'}-mongo2:27017] INFO  org.mongodb.driver.cluster - Discovered replica set primary mongo2:27017 with max election id 7fffffff00000000000000f7 and max set version 1
2024-12-10 17:11:38.275 [cluster-ClusterId{value='6758053359852e1ba219bd9e', description='null'}-mongo3:27017] INFO  org.mongodb.driver.cluster - Rediscovering type of existing primary mongo2:27017
2024-12-10 17:11:38.275 [cluster-ClusterId{value='6758053359852e1ba219bd9e', description='null'}-mongo3:27017] INFO  org.mongodb.driver.cluster - Discovered replica set primary mongo3:27017 with max election id 7fffffff00000000000000f7 and max set version 1
